[16:51:57] [main/INFO]: Environment: authHost='https://authserver.mojang.com', accountsHost='https://api.mojang.com', sessionHost='https://sessionserver.mojang.com', name='PROD'
[16:51:57] [main/WARN]: Ambiguity between arguments [teleport, destination] and [teleport, targets] with inputs: [Player, 0123, @e, dd12be42-52a9-4a91-a8a1-11c01849e498]
[16:51:57] [main/WARN]: Ambiguity between arguments [teleport, location] and [teleport, destination] with inputs: [0.1 -0.5 .9, 0 0 0]
[16:51:57] [main/WARN]: Ambiguity between arguments [teleport, location] and [teleport, targets] with inputs: [0.1 -0.5 .9, 0 0 0]
[16:51:57] [main/WARN]: Ambiguity between arguments [teleport, targets] and [teleport, destination] with inputs: [Player, 0123, dd12be42-52a9-4a91-a8a1-11c01849e498]
[16:51:57] [main/WARN]: Ambiguity between arguments [teleport, targets, location] and [teleport, targets, destination] with inputs: [0.1 -0.5 .9, 0 0 0]
[16:51:57] [main/INFO]: Reloading ResourceManager: Default
[16:51:59] [Worker-Main-6/INFO]: Loaded 7 recipes
[16:52:00] [Worker-Main-6/INFO]: Loaded 927 advancements
[16:52:02] [Server thread/INFO]: Starting minecraft server version 1.16.1
[16:52:02] [Server thread/INFO]: Loading properties
[16:52:02] [Server thread/INFO]: Default game type: SURVIVAL
[16:52:02] [Server thread/INFO]: Generating keypair
[16:52:02] [Server console handler/ERROR]: Exception handling console input
java.io.IOException: The handle is invalid
	at java.io.FileInputStream.readBytes(Native Method) ~[?:1.8.0_45]
	at java.io.FileInputStream.read(Unknown Source) ~[?:1.8.0_45]
	at java.io.BufferedInputStream.read1(Unknown Source) ~[?:1.8.0_45]
	at java.io.BufferedInputStream.read(Unknown Source) ~[?:1.8.0_45]
	at sun.nio.cs.StreamDecoder.readBytes(Unknown Source) ~[?:1.8.0_45]
	at sun.nio.cs.StreamDecoder.implRead(Unknown Source) ~[?:1.8.0_45]
	at sun.nio.cs.StreamDecoder.read(Unknown Source) ~[?:1.8.0_45]
	at java.io.InputStreamReader.read(Unknown Source) ~[?:1.8.0_45]
	at java.io.BufferedReader.fill(Unknown Source) ~[?:1.8.0_45]
	at java.io.BufferedReader.readLine(Unknown Source) ~[?:1.8.0_45]
	at java.io.BufferedReader.readLine(Unknown Source) ~[?:1.8.0_45]
	at yd$1.run(SourceFile:90) [server.jar:?]
[16:52:02] [Server thread/INFO]: Starting Minecraft server on 26.149.180.202:25565
[16:52:02] [Server thread/INFO]: Using default channel type
[16:52:03] [Server thread/WARN]: **** SERVER IS RUNNING IN OFFLINE/INSECURE MODE!
[16:52:03] [Server thread/WARN]: The server will make no attempt to authenticate usernames. Beware.
[16:52:03] [Server thread/WARN]: While this makes the game possible to play without internet access, it also opens up the ability for hackers to connect with any username they choose.
[16:52:03] [Server thread/WARN]: To change this, set "online-mode" to "true" in the server.properties file.
[16:52:03] [Server thread/INFO]: Preparing level "world"
[16:52:04] [Server thread/INFO]: Preparing start region for dimension minecraft:overworld
[16:52:06] [Server thread/INFO]: Preparing spawn area: 0%
[16:52:06] [Server thread/INFO]: Preparing spawn area: 0%
[16:52:06] [Server thread/INFO]: Preparing spawn area: 0%
[16:52:06] [Server thread/INFO]: Preparing spawn area: 0%
[16:52:06] [Server thread/INFO]: Preparing spawn area: 0%
[16:52:07] [Server thread/INFO]: Preparing spawn area: 0%
[16:52:07] [Server thread/INFO]: Preparing spawn area: 66%
[16:52:09] [Server thread/INFO]: Time elapsed: 5584 ms
[16:52:09] [Server thread/INFO]: Done (5.739s)! For help, type "help"
[17:01:24] [Server thread/INFO]: IKamada[/26.64.124.142:55922] logged in with entity id 371 at (37.89730396754594, 63.0, 178.6914105118166)
[17:01:24] [Server thread/INFO]: IKamada joined the game
[17:03:06] [Server thread/INFO]: IKamada lost connection: Disconnected
[17:03:06] [Server thread/INFO]: IKamada left the game
[17:03:15] [Server thread/INFO]: IKamada[/26.64.124.142:55948] logged in with entity id 592 at (49.572350810565844, 70.0, 169.60192218544867)
[17:03:15] [Server thread/INFO]: IKamada joined the game
[17:07:31] [Server thread/INFO]: zGenius[/26.55.196.212:56832] logged in with entity id 1099 at (10.5, 75.0, 123.5)
[17:07:31] [Server thread/INFO]: zGenius joined the game
[17:09:48] [Server thread/INFO]: zGenius has made the advancement [Isn't It Iron Pick]
[17:10:13] [Server thread/INFO]: zGenius has made the advancement [Stone Age]
[17:10:18] [Server thread/WARN]: Fetching packet for removed entity bbg['Air'/1543, l='ServerLevel[world]', x=10.38, y=64.00, z=202.99]
[17:10:18] [Server thread/WARN]: Fetching packet for removed entity bbg['Air'/1543, l='ServerLevel[world]', x=10.38, y=64.00, z=202.99]
[17:12:14] [Server thread/INFO]: zGenius has made the advancement [Monster Hunter]
[17:14:46] [Server thread/INFO]: zGenius has made the advancement [Sweet Dreams]
[17:14:59] [Server thread/WARN]: Fetching packet for removed entity bbg['Air'/2176, l='ServerLevel[world]', x=13.86, y=64.00, z=202.15]
[17:14:59] [Server thread/WARN]: Fetching packet for removed entity bbg['Air'/2176, l='ServerLevel[world]', x=13.86, y=64.00, z=202.15]
[17:17:43] [Server thread/INFO]: zGenius has made the advancement [A Seedy Place]
[17:18:00] [Server thread/INFO]: zGenius has made the advancement [The Parrots and the Bats]
[17:25:06] [Server thread/WARN]: Fetching packet for removed entity bbg['Air'/4144, l='ServerLevel[world]', x=14.08, y=64.00, z=202.53]
[17:25:06] [Server thread/WARN]: Fetching packet for removed entity bbg['Air'/4144, l='ServerLevel[world]', x=14.08, y=64.00, z=202.53]
[17:26:33] [Server thread/WARN]: Mismatch in destroy block pos: fu{x=130, y=58, z=226} fu{x=130, y=59, z=226}
[17:26:45] [Server thread/WARN]: Mismatch in destroy block pos: fu{x=145, y=56, z=196} fu{x=145, y=55, z=196}
[17:26:45] [Server thread/WARN]: Mismatch in destroy block pos: fu{x=145, y=56, z=196} fu{x=145, y=55, z=196}
[17:27:45] [Server thread/INFO]: <IKamada> z
[17:27:45] [Server thread/INFO]: <IKamada> z
[17:27:45] [Server thread/INFO]: <IKamada> z
[17:27:46] [Server thread/INFO]: zGenius lost connection: Disconnected
[17:27:46] [Server thread/INFO]: zGenius left the game
[17:27:51] [Server thread/INFO]: zGenius[/26.55.196.212:56914] logged in with entity id 4711 at (35.163221228019964, 43.0, 244.0981620911001)
[17:27:51] [Server thread/INFO]: zGenius joined the game
[17:29:11] [Server thread/WARN]: Fetching packet for removed entity bbg['Air'/5061, l='ServerLevel[world]', x=11.40, y=64.00, z=204.74]
[17:31:59] [Server thread/INFO]: zGenius has made the advancement [Acquire Hardware]
[17:32:10] [Server thread/INFO]: zGenius has made the advancement [Suit Up]
[17:34:06] [Server thread/INFO]: Saving the game (this may take a moment!)
[17:34:06] [Server thread/INFO]: Saved the game
[17:37:01] [Server thread/INFO]: Saving the game (this may take a moment!)
[17:37:02] [Server thread/INFO]: Saved the game
[17:37:05] [Server thread/INFO]: Stopping server
[17:37:05] [Server thread/INFO]: Saving players
[17:37:05] [Server thread/INFO]: IKamada lost connection: Disconnected
[17:37:05] [Server thread/INFO]: IKamada left the game
[17:37:05] [Server thread/INFO]: Saving worlds
[17:37:05] [Server thread/INFO]: Saving chunks for level 'ServerLevel[world]'/minecraft:overworld
[17:37:06] [Server thread/INFO]: ThreadedAnvilChunkStorage (world): All chunks are saved
[17:37:06] [Server thread/INFO]: Saving chunks for level 'ServerLevel[world]'/minecraft:the_nether
[17:37:06] [Server thread/INFO]: ThreadedAnvilChunkStorage (DIM-1): All chunks are saved
[17:37:06] [Server thread/INFO]: Saving chunks for level 'ServerLevel[world]'/minecraft:the_end
[17:37:06] [Server thread/INFO]: ThreadedAnvilChunkStorage (DIM1): All chunks are saved
[17:37:06] [Server thread/INFO]: ThreadedAnvilChunkStorage (world): All chunks are saved
[17:37:06] [Server thread/INFO]: ThreadedAnvilChunkStorage (DIM-1): All chunks are saved
[17:37:06] [Server thread/INFO]: ThreadedAnvilChunkStorage (DIM1): All chunks are saved
